<?xml version="1.0" encoding="UTF-8"?>
<!-- Generated by org.testng.reporters.JUnitReportReporter -->
<testsuite hostname="DESKTOP-55RI62C" failures="0" tests="5" name="Demo.NewTest" time="0.031" errors="0" timestamp="2024-06-05T12:37:29 IST" skipped="0">
  <testcase classname="Demo.NewTest" name="c" time="0.003"/>
  <testcase classname="Demo.NewTest" name="a" time="0.020"/>
  <testcase classname="Demo.NewTest" name="e" time="0.002"/>
  <testcase classname="Demo.NewTest" name="d" time="0.004"/>
  <testcase classname="Demo.NewTest" name="b" time="0.002"/>
</testsuite> <!-- Demo.NewTest -->
